[    0.000000] Initializing cgroup subsys cpuset
[    0.000000] Initializing cgroup subsys cpu
[    0.000000] Initializing cgroup subsys cpuacct
[    0.000000] Linux version 4.4.0-130-generic (buildd@lgw01-amd64-039) (gcc version 5.4.0 20160609 (Ubuntu 5.4.0-6ubuntu1~16.04.9) ) #156-Ubuntu SMP Thu Jun 14 08:53:28 UTC 2018 (untu 4.4.0-130.156-generic 4.4.134)
[    0.000000] Command line: BOOT_IMAGE=/boot/vmlinuz-4.4.0-130-generic root=UUID=2599847e-b1d0-4013-a357-9739570da0b9 ro console=tty1 console=ttyS0
[    0.000000] KERNEL supported cpus:
[    0.000000]   Itel GenuineIntel
[    0.000000]   AMD AuthenticAMD
[    0.000000]   Centaur CentaurHauls
[    0.000000] x86/fpu: xstate_ofset[2]:  576, xstate_sizes[2]:  256
[    0.000000] x86/fpu: Supporting XSAVE feature 0x01: 'x87 floating point registers'
[    0.000000] x86/fpu: Supporting XSAVE feature 0x02: 'SSE registers'
[    0.000000] x86/fpu: Supporting XSAVE feature 0x04: 'AVX registers'
[    0.000000] x86/fpu: Enabled xstate features 0x7, context size is 832 bytes, using 'standard' format.
[    0.000000] x86/fpu: Using 'eager' FPU context switches.
[    0.000000] e820: BIOSprovided physical RAM map:
[    0.000000] BIOS-e820: [mem 0x0000000000000000-0x000000000009fbff] usable
[    0.000000] BIOS-e820: [mem 0x000000000009fc00-0x000000000009ffff] reserved
[    0.000000] BIOS-e820: [mem 0x00000000000f0000-0x00000000000fffff] reserved
[    0.000000] BIOS-e820: [mem 0x000000000100000-0x000000003ffeffff] uable
[    0000000] BIOS-e820: [mem 0x000000003fff0000-0x00000003fffffff] ACPI data
[    0.000000] BIOS-e820: [mem 0x0000000fec00000-0x00000000fec00fff] reserved
[    0.000000] BIOS-e820: [mem 0x00000000fee00000-0x00000000fee00fff] reserved
[    0.000000] BIOS-e820: [mem 0x00000000fffc0000-0x00000000ffffffff] reserved
[    0.000000] NX (Execute Disable) protection: active
[    0.000000] SMBIOS 2.5 present.
[    0.000000] Hypervisor detected: KVM
[    0.000000] e820: last_pfn = 0x3fff0 max_arch_pfn = 0x400000000
[    0.000000] MTRR: Disabled
[    0.000000] x86/PAT: MTRRs disabled, skipping PAT initialization too.
[    0.000000] CPU MTRRs all blank - virtualized system.
[    0.000000] x86/PAT: Configuration [0-7]: WB  WT  UC- UC  WB  WT  UC- UC  
[    0.000000] found SMP MP-table at [mem 0x0009fff0-0x0009ffff] mapped at [ffff88000009fff0]
[    0.000000] Scanning 1 areas for low memory corruption
[    0.000000] RAMDISK: [mem 0x361ee000-0x370eefff]
[    0.000000] ACPI: Early table checksum verification disabled
[    0.000000] ACPI: RSDP 0x00000000000E0000 000024 (v02 VBOX  )
[    0.000000] ACPI: XSDT 0x000000003FFF0030 00003C (v01 VBOX   VBOXXSDT 00000001 ASL  00000061)
[    0.000000] ACPI: FACP 0x000000003FFF00F0 0000F4 (4 VBOX   VBOXFACP 00000001 ASL  00000061)
[    0.0000000] ACPI: DSDT 0x000000003FFF0470 0021FF (v02 VBOX   VBOXBIOS 00000002 INTL 20100528)
[    0.000000] ACPI: FACS 0x000000003F0200 000040
[    0.000000] ACPI: FACS 0x000000003FFF0200 000040
[    0.000000] ACPI: APIC 0x000000003FFF0240 00005C (v02 VBOX   VBOXAPIC 00000001 ASL  00000061)
[    0.000000] ACPI: SSDT 0x000000003FFF02A0 0001CC (v01 VBOX   VBOXCPUT 000002 INTL 20100528)
[    0.000000] No NUMA configuration found
[    0.000000] Faking a node at [mem 0x0000000000000000-0x000000003ffeffff]
[    0.000000] NODE_DATA(0) allocated [mem 0x3ffeb000-0x3ffeffff]
[    0.000000] kvm-clock: Using msrs 4b564d01 and 4b564d00
[    0.000000] kvm-clock: cpu 0, msr 0:3ffe3001, primary cpu cloc
[    0.000000] kvm-clock: using sched offset of 3895691552 cycles
[    0.000000] clocksource: kvm-clock: mask: 0xffffffffffffffff max_cycles: 0x1cd42e4dffb, max_idle_ns: 881590591483 ns
[    0.000000] Zone ranges:
[    0.000000]   DMA      [mem 0x0000000000001000-0x0000000000ffffff]
[    0.000000]   DMA32    [mem 0x0000000001000000-0x000000003ffeffff]
[    0.000000]   Normal   empty
[    0.000000]   Device   empty
[    0.000000] Movable zone start for each node
[    0.000000] Early memory node ranges
[    0.000000]   node   0: [mem 0x0000000000001000-0x0000000009efff]
[    0.000000]   noe   0: [mem 0x0000000000100000-0x000000003ffeffff]
[    0.000000] Initmem setup node 0 [mem 0x0000000000001000-0x000000003ffeffff]
[    0.0000] ACPI: PM-Timer IO Port: 0x4008
[    0.000000] IOAPIC[0]: apic_id 2, version 32, address 0xfe00000, GSI 0-23
[    0.000000] ACPI: INT_SRC_OVR (bus 0 bus_irq 0 global_irq 2 dfl dfl)
[    0.000000] ACPI: INT_SRC_OVR (bus 0 bus_irq 9 global_irq 9 low level)
[    0.000000] Using ACPI (MADT) for SMP configuration information
[    0.000000] smpboot: Allowing 2 CPUs, 0 hotplug CPUs
[    0.000000] PM: Registered nosave memory: [mem 0x00000000-0x00000fff]
[    0.000000] PM: Registered nosave memory: [mem 0x0009f000-0x0009ffff]
[    0.000000] PM: Registered nosave memory: [mem 0x000a0000-0x000effff]
[    0.000000] PM: Registered nosave memory: [mem 0x000f0000-0x000fffff]
[    0.000000] e820: [mem 0x40000000-0xfebfffff] available for PCI devices
[    0.000000] Booting paravirtualized kernel on KVM
[    0.000000] clocksource: refined-jiffies: mask: 0xffffffff max_cycles: 0xffffffff, max_idle_ns: 7645519600211568 ns
[    0.000000] setup_percpu: NR_CPUS:512 nr_cpumask_bits:512 nr_cpu_ids:2 nr_node_ids:1
[    0.000000] PERCPU: Embedded 34 pages/cpu @ffff88003fc00000 s99544 r8192 d31528 u1048576
[    0.000000] PV qspinlock hash table entries: 256 (order: 0, 4096 bytes)
[    0.000000] Built 1 zonelists in Node order, mobility grouping on.  Total pages: 257912
[    0.000000] Policy zone: DMA32
[    0.000000] Kernel command line: BOOT_IMAGE=/boot/vmlinuz-4.4.0-130-generic root=UUID=2599847e-b1d0-4013-a357-9739570da0b9 ro console=tty1 console=ttyS0
[    0.000000] PID hash table entries: 4096 (order: 3, 32768 bytes)
[    0.000000] Memory: 997152K/1048120K available (8546K kernel code, 1313K rwdata, 4000K rodata, 1516K init, 1316K bss, 50968K reserved, 0K cma-reserved)
[    0.000000] SLUB: HWali=64, Order=0-3, MinObjects=0, CPUs=2, Nodes=1
[    0.000000] Kernel/User pagetables isolation: enabled
[    0.000000] Hierarchical RCU implementation.
[    0.000000] 	Build-time adjustment of leaf fanout to 64.
[    0.000000] 	RCU restricting CPUs from NR_CPUS=512 to nr_cpu_ids=2.
[    0.000000] RCU: Adjusting geometry for rcu_fanout_leaf=64, nr_cpu_ids=2
[    0.000000] NR_IRQS33024 nr_irqs:440 16
[    0.00000] Console: colour VGA+ 80x25
[    0.000000] console [tty1] enabled
[    0.000000] onsole [ttyS0] enabled
[    0.000000] tsc: Detected 3408.000 MHz processor
[    0.536638] Calibrating delay loop (skipped) preset value.. 6816.00 BogoMIPS (lpj=13632000)
[    0.537970] pid_max: default: 32768 minimum: 301
[    0.544924] ACPI: Core revision 20150930
[    0.546384] ACPI: 2 ACPI AML tables successfully acquired and loaded
[    0.553677] Security Framework initialized
[    0.554337] Yama: becoming mindful.
[    0.557565] AppArmor: AppArmor initialized
[    0.560542] Dentry cache hash table entries: 131072 (order: 8, 1048576 bytes)
[    0.567329] Inode-cache hash table entries: 65536 (order: 7, 524288 bytes)
[    0.569704] Mount-cache hash table entries: 2048 (order: 2, 16384 bytes)
[    0.573523] Mountpoint-cache hash table entries: 2048 (order: 2, 16384 bytes)
[    0.577539] Initializing cgroup subsys io
[    0.578249] Initializing cgroup subsys memory
[    0.578958] Initializing cgroup subsys devices
[    0.579981] Initializing cgroup subsys freezer
[    0.581224] Initializing cgroup subsys net_cls
[    0.585178] Initializing cgroup subsys perf_event
[    0.585915] Initializing cgroup subsys net_prio
[    0.586610] Initializing cgroup subsys hugetlb
[    0.588724] Initializing cgroup subsys pids
[    0.589476] CPU: Physical Processor ID: 0
[    0.596823] CPU: Processor Core ID: 0
[    0.605433] mce: CPU supports 0 MCE banks
[    0.606336] Last level iTLB entries: 4KB 128, 2MB 8, 4MB 8
[    0.607159] Last level dTLB entries: 4KB 64, 2MB 0, 4MB 0, 1GB 4
[    0.609416] Spectre V2 : Mitigation: Full generic retpoline
[    0.610283] Spectre V2 : Speculation control IBPB not-supported IBRS not-supported
[    0.611317] Spectre V2 : Filling RSB on context switch
[    0.612339] Speculative Store Bypass: Vulnerable
[    0.615427] Freeing SMP alternatives memory: 32K
[    0.623325] ftrace: allocating 32245 entries in 126 pages
[    0.678817] smpboot: APIC(0) Converting physical 0 to logical package 0
[    0.679834] smpboot: Max logical packages: 1
[    0.687701] x2apic enabled
[    0.688414] Switched APIC routing to physical x2apic.
[    0.690255] ..TIMER: vector=0x30 apic1=0 pin1=2 apic2=-1 pin2=-1
[    0.796359] smpboot: CPU0: Intel(R) Core(TM) i5-7500 CPU @ 3.40GHz (family: 0x6, model: 0x9e, stepping: 0x9)
[    0.798773] Performance Events: unsupported p6 CPU model 158 no PMU driver, software events only.
[    0.807008] KVM setup paravirtual spinlock
[    0.808257] x86: Booting SMP configuration:
[    0.822003] .... node  #0, CPUs:      #1
[    0.822847] kvm-clock: cpu 1, msr 0:3ffe3041, secondary cpu clock
[    0.824398] mce: CPU supports 0 MCE banks
[    0.826853] x86: Booted up 1 node, 2 CPUs
[    0.827724] smpboot: Total of 2 processors activated (13632.00 BogoMIPS)
[    0.835306] devtmpfs: initialized
[    0.844444] evm: security.selinux
[    0.845060] evm: security.SMACK64
[    0.845644] evm: security.SMACK64EXEC
[    0.846372] evm: security.SMACK64TRANSMUTE
[    0.847187] evm: security.SMACK64MMAP
[    0.847924] evm: security.ima
[    0.848476] evm: security.capability
[    0.849274] clocksource: jiffies: mask: 0xffffffff max_cycles: 0xffffffff, max_idle_ns: 7645041785100000 ns
[    0.850687] futex hash table entries: 512 (order: 3, 32768 bytes)
[    0.851723] pinctrl core: initialized pinctrl subsystem
[    0.852678] RTC time:  4:14:35, date: 07/04/18
[    0.860315] NET: Registered protocol family 16
[    0.872420] cpuidle: using governor ladder
[    0.884102] cpuidle: using governor menu
[    0.884773] PCCT header not found.
[    0.894282] ACPI: bus type PCI registered
[    0.894941] acpiphp: ACPI Hot Plug PCI Controller Driver version: 0.5
[    0.895905] PCI: Using configuration type 1 for base access
[    0.912889] ACPI: Added _OSI(Module Device)
[    0.919870] ACPI: Added _OSI(Processor Device)
[    0.920574] ACPI: Added _OSI(3.0 _SCP Extensions)
[    0.921261] ACPI: Added _OSI(Processor Aggregator Device)
[    0.922663] ACPI: Executed 1 blocks of module-level executable AML code
[    0.925248] ACPI: Interpreter enabled
[    0.925840] ACPI: (supports S0 S5)
[    0.933296] ACPI: Using IOAPIC for interrupt routing
[    0.934226] PCI: Using host bridge windows from ACPI; if necessary, use "pci=nocrs" and report a bug
[    0.938498] ACPI: PCI Root Bridge [PCI0] (domain 0000 [bus 00-ff])
[    0.939429] acpi PNP0A03:00: _OSC: OS supports [ASPM ClockPM Segments MSI]
[    0.941546] acpi PNP0A03:00: _OSC: not requesting OS control; OS requires [ExtendedConfig ASPM ClockPM MSI]
[    0.942923] acpi PNP0A03:00: fail to add MMCONFIG information, can't access extended PCI configuration space under this bridge.
[    0.944763] PCI host bridge to bus 0000:00
[    0.945412] pci_bus 0000:00: root bus resource [io  0x0000-0x0cf7 window]
[    0.946388] pci_bus 0000:00: root bus resource [io  0x0d00-0xffff window]
[    0.947472] pci_bus 0000:00: root bus resource [mem 0x000a0000-0x000bffff window]
[    0.951343] pci_bus 0000:00: root bus resource [mem 0x40000000-0xfdffffff window]
[    0.952509] pci_bus 0000:00: root bus resource [bus 00-ff]
[    0.954613] pci 0000:00:01.1: legacy IDE quirk: reg 0x10: [io  0x01f0-0x01f7]
[    0.955674] pci 0000:00:01.1: legacy IDE quirk: reg 0x14: [io  0x03f6]
[    0.964499] pci 0000:00:01.1: legacy IDE quirk: reg 0x18: [io  0x0170-0x0177]
[    0.965491] pci 0000:00:01.1: legacy IDE quirk: reg 0x1c: [io  0x0376]
[    0.984359] pci 0000:00:07.0: quirk: [io  0x4000-0x403f] claimed by PIIX4 ACPI
[    0.987729] pci 0000:00:07.0: quirk: [io  0x4100-0x410f] claimed by PIIX4 SMB
[    0.994997] ACPI: PCI Interrupt Link [LNKA] (IRQs 5 9 10 *11)
[    0.996409] ACPI: PCI Interrupt Link [LNKB] (IRQs 5 9 *10 11)
[    0.997869] ACPI: PCI Interrupt Link [LNKC] (IRQs 5 *9 10 11)
[    0.999152] ACPI: PCI Interrupt Link [LNKD] (IRQs 5 9 10 *11)
[    1.000506] ACPI: Enabled 2 GPEs in block 00 to 07
[    1.001556] vgaarb: setting as boot device: PCI:0000:00:02.0
[    1.002399] vgaarb: device added: PCI:0000:00:02.0,decodes=io+mem,owns=io+mem,locks=none
[    1.003676] vgaarb: loaded
[    1.004239] vgaarb: bridge control possible 0000:00:02.0
[    1.005363] SCSI subsystem initialized
[    1.006262] ACPI: bus type USB registered
[    1.006922] usbcore: registered new interface driver usbfs
[    1.007753] usbcore: registered new interface driver hub
[    1.011358] usbcore: registered new device driver usb
[    1.016877] PCI: Using ACPI for IRQ routing
[    1.017829] NetLabel: Initializing
[    1.018411] NetLabel:  domain hash size = 128
[    1.020221] NetLabel:  protocols = UNLABELED CIPSOv4
[    1.021038] NetLabel:  unlabeled traffic allowed by default
[    1.021996] amd_nb: Cannot enumerate AMD northbridges
[    1.022866] clocksource: Switched to clocksource kvm-clock
[    1.035657] AppArmor: AppArmor Filesystem Enabled
[    1.036537] pnp: PnP ACPI init
[    1.037710] pnp: PnP ACPI: found 3 devices
[    1.047510] clocksource: acpi_pm: mask: 0xffffff max_cycles: 0xffffff, max_idle_ns: 2085701024 ns
[    1.048864] NET: Registered protocol family 2
[    1.049681] TCP established hash table entries: 8192 (order: 4, 65536 bytes)
[    1.050631] TCP bind hash table entries: 8192 (order: 5, 131072 bytes)
[    1.051539] TCP: Hash tables configued (established 8192 bind 8192)
[    1.074069] UDP hash table entries: 512 (order: 2, 16384 bytes)
[    1.074892] UDP-Lite hash table entries: 512 (order: 2, 16384 bytes)
[    1.075802] NET: Registered protocol family 1
[    1.076467] pci 0000:00:00.0: Limiting direct PCI/PCI transfers
[    1.077304] pci 0000:00:01.0: Activating ISA DMA hang workarounds
[    1.078242] Unpacking initramfs...

[    1.362489] Freeing initrd memory: 15364K
[    1.363894] platform rtc_cmos: registered platform RTC device (no PNP device found)
[    1.373217] Scanning for low memory corruption every 60 seconds
[    1.384062] audit: initializing netlink subsys (disabled)
[    1.401967] audit: type=2000 audit(1530677681.176:1): initialized
[    1.403076] Initialise system trusted keyring
[    1.403871] HugeTLB registered 2 MB page size, pre-allocated 0 pages
[    1.418993] zbud: loaded
[    1.421760] VFS: Disk quotas dquot_6.6.0
[    1.422446] VFS: Dquot-cache hash table entries: 512 (order 0, 4096 bytes)
[    1.423584] squashfs: version 4.0 (2009/01/31) Phillip Lougher
[    1.424589] fuse init (API version 7.23)
[    1.425294] Key type big_key registered
[    1.425910] Allocating IMA MOK and blacklist keyrings.
[    1.427322] Key type asymmetric registered
[    1.427954] Asymmetric key parser 'x509' registered
[    1.428692] Block layer SCSI generic (bsg) driver version 0.4 loaded (major 249)
[    1.440138] io scheduler noop registered
[    1.440760] io scheduler deadline registered (default)
[    1.441522] io scheduler cfq registered
[    1.442189] pci_hotplug: PCI Hot Plug PCI Core version: 0.5
[    1.442999] pciehp: PCI Express Hot Plug Controller Driver version: 0.4
[    1.443975] ACPI: AC Adapter [AC] (on-line)
[    1.446862] input: Power Button as /devices/LNXSYSTM:00/LNXPWRBN:00/input/input0
[    1.452003] ACPI: Power Button [PWRF]
[    1.452686] input: Sleep Button as /devices/LNXSYSTM:00/LNXSLPBN:00/input/input1
[    1.453828] ACPI: Sleep Button [SLPF]
[    1.454611] GHES: HEST is not enabled!
[    1.455376] Serial: 8250/16550 driver, 32 ports, IRQ sharing enabled
[    1.484977] 00:02: ttyS0 at I/O 0x3f8 (irq = 4, base_baud = 115200) is a 16550A
[    1.487042] Linux agpgart interface v0.103
[    1.491089] loop: module loaded
[    1.494221] scsi host0: ata_piix
[    1.494918] scsi host1: ata_piix
[    1.498692] ata1: PATA max UDMA/33 cmd 0x1f0 ctl 0x3f6 bmdma 0xd000 irq 14
[    1.499633] ata2: PATA max UDMA/33 cmd 0x170 ctl 0x376 bmdma 0xd008 irq 15
[    1.500842] libphy: Fixed MDIO Bus: probed
[    1.501524] tun: Universal TUN/TAP device driver, 1.6
[    1.503620] tun: (C) 1999-2004 Max Krasnyansky <maxk@qualcomm.com>
[    1.504595] PPP generic driver version 2.4.2
[    1.508169] ehci_hcd: USB 2.0 'Enhanced' Host Controller (EHCI) Driver
[    1.510425] ehci-pci: EHCI PCI platform driver
[    1.518268] ehci-platform: EHCI generic platform driver
[    1.519052] ohci_hcd: USB 1.1 'Open' Host Controller (OHCI) Driver
[    1.521163] ohci-pci: OHCI PCI platform driver
[    1.528777] ohci-platform: OHCI generic platform driver
[    1.531277] uhci_hcd: USB Universal Host Controller Interface driver
[    1.533266] i8042: PNP: PS/2 Controller [PNP0303:PS2K,PNP0f03:PS2M] at 0x60,0x64 irq 1,12
[    1.535111] serio: i8042 KBD port at 0x60,0x64 irq 1
[    1.541479] serio: i8042 AUX port at 0x60,0x64 irq 12
[    1.542396] mousedev: PS/2 mouse device common for all mice
[    1.543890] input: AT Translated Set 2 keyboard as /devices/platform/i8042/serio0/input/input2
[    1.553400] rtc_cmos rtc_cmos: rtc core: registered rtc_cmos as rtc0
[    1.554322] rtc_cmos rtc_cmos: alarms up to one day, 114 bytes nvram
[    1.557336] i2c /dev entries driver
[    1.558015] device-mapper: uevent: version 1.0.3
[    1.558950] device-mapper: ioctl: 4.34.0-ioctl (2015-10-28) initialised: dm-devel@redhat.com
[    1.561533] ledtrig-cpu: registered to indicate activity on CPUs
[    1.562741] NET: Registered protocol family 10
[    1.563976] NET: Registered protocol family 17
[    1.572228] Key type dns_resolver registered
[    1.573153] registered taskstats version 1
[    1.573817] Loading compiled-in X.509 certificates
[    1.575199] Loaded X.509 cert 'Build time autogenerated kernel key: b3e0fe4bcd6378c38a2c0a4648abbc1fa5043a22'
[    1.578229] zswap: loaded using pool lzo/zbud
[    1.584880] Key type trusted registered
[    1.589930] Key type encrypted registered
[    1.590603] AppArmor: AppArmor sha1 policy hashing enabled
[    1.591412] ima: No TPM chip found, activating TPM-bypass!
[    1.593303] ima: Allocated hash algorithm: sha1
[    1.594056] evm: HMAC attrs: 0x1
[    1.596157]   Magic number: 10:893:210
[    1.597494] rtc_cmos rtc_cmos: setting system clock to 2018-07-04 04:14:36 UTC (1530677676)
[    1.600295] BIOS EDD facility v0.16 2004-Jun-25, 0 devices found
[    1.601172] EDD information not available.
[    1.659903] Freeing unused kernel memory: 1516K
[    1.667582] Write protecting the kernel read-only data: 14336k
[    1.668812] Freeing unused kernel memory: 1680K
[    1.676536] Freeing unused kernel memory: 96K
Loading, please wait...
starting version[    1.690386] random: systemd-udevd: uninitialized urandom read (16 bytes read, 3 bits of entropy available)
 229
[    1.690927] random: udevadm: uninitialized urandom read (16 bytes read, 3 bits of entropy available)
[    1.690944] random: udevadm: uninitialized urandom read (16 bytes read, 3 bits of entropy available)
[    1.695906] random: systemd-udevd: uninitialized urandom read (16 bytes read, 3 bits of entropy available)
[    1.697705] random: udevadm: uninitialized urandom read (16 bytes read, 3 bits of entropy available)
[    1.697739] random: udevadm: uninitialized urandom read (16 bytes read, 3 bits of entropy available)
[    1.697836] random: udevadm: uninitialized urandom read (16 bytes read, 3 bits of entropy available)
[    1.697872] random: udevadm: uninitialized urandom read (16 bytes read, 3 bits of entropy available)
[    1.697905] random: udevadm: uninitialized urandom read (16 bytes read, 3 bits of entropy available)
[    1.697939] random: udevadm: uninitialized urandom read (16 bytes read, 3 bits of entropy available)
[    1.758348] Fusion MPT base driver 3.04.20
[    1.765342] Copyright (c) 1999-2008 LSI Corporation
[    1.767865] e1000: Intel(R) PRO/1000 Network Driver - version 7.3.21-k8-NAPI
[    1.769941] e1000: Copyright (c) 1999-2006 Intel Corporation.
[    1.833673] AVX2 version of gcm_enc/dec engaged.
[    1.834512] AES CTR mode by8 optimization enabled
[    1.843749] Fusion MPT SPI Host driver 3.04.20
[    1.988030] input: ImExPS/2 Generic Explorer Mouse as /devices/platform/i8042/serio1/input/input4
[    2.265516] e1000 0000:00:03.0 eth0: (PCI:33MHz:32-bit) 02:38:b8:f5:60:7e
[    2.266652] e1000 0000:00:03.0 eth0: Intel(R) PRO/1000 Network Connection
[    2.275492] e1000 0000:00:03.0 enp0s3: renamed from eth0
[    2.276841] mptbase: ioc0: Initiating bringup
[    2.339618] ioc0: LSI53C1030 A0: Capabilities={Initiator}
[    2.363792] tsc: Refined TSC clocksource calibration: 3407.539 MHz
[    2.371374] clocksource: tsc: mask: 0xffffffffffffffff max_cycles: 0x311e2078b65, max_idle_ns: 440795271000 ns
[    2.516427] scsi host2: ioc0: LSI53C1030 A0, FwRev=00000000h, Ports=1, MaxQ=256, IRQ=20
[    2.631669] scsi 2:0:0:0: Direct-Access     VBOX     HARDDISK         1.0  PQ: 0 ANSI: 5
[    2.636264] scsi target2:0:0: Beginning Domain Validation
[    2.637649] scsi target2:0:0: Domain Validation skipping write tests
[    2.638650] scsi target2:0:0: Ending Domain Validation
[    2.654168] scsi target2:0:0: asynchronous
[    2.655185] scsi 2:0:1:0: Direct-Access     VBOX     HARDDISK         1.0  PQ: 0 ANSI: 5
[    2.659969] scsi target2:0:1: Beginning Domain Validation
[    3.020311] scsi target2:0:1: Domain Validation skipping write tests
[    3.029932] scsi target2:0:1: Ending Domain Validation
[    3.373369] scsi target2:0:1: asynchronous
[    3.377517] sd 2:0:0:0: Attached scsi generic sg0 type 0
[    3.378433] sd 2:0:0:0: [sda] 20971520 512-byte logical blocks: (10.7 GB/10.0 GiB)
[    3.378586] sd 2:0:1:0: [sdb] 20480 512-byte logical blocks: (10.5 MB/10.0 MiB)
[    3.378685] sd 2:0:1:0: [sdb] Write Protect is off
[    3.378751] sd 2:0:1:0: [sdb] Incomplete mode parameter data
[    3.378752] sd 2:0:1:0: [sdb] Assuming drive cache: write through
[    3.378765] sd 2:0:1:0: Attached scsi generic sg1 type 0
[    3.381458] sd 2:0:1:0: [sdb] Attached SCSI disk
[    3.385730] sd 2:0:0:0: [sda] Write Protect is off
[    3.386523] sd 2:0:0:0: [sda] Incomplete mode parameter data
[    3.387326] sd 2:0:0:0: [sda] Assuming drive cache: write through
[    3.389599]  sda: sda1
[    3.395761] sd 2:0:0:0: [sda] Attached SCSI disk
Begin: Loading essential drivers ... [    4.694433] md: linear personality registered for level -1
[    4.697204] md: multipath personality registered for level -4
[    4.699659] md: raid0 personality registered for level 0
[    4.702302] md: raid1 personality registered for level 1
[    4.771007] raid6: sse2x1   gen() 12593 MB/s
[    4.839296] raid6: sse2x1   xor()  9265 MB/s
[    4.911064] raid6: sse2x2   gen() 15002 MB/s
[    4.991512] raid6: sse2x2   xor() 10522 MB/s
[    5.058925] raid6: sse2x4   gen() 17484 MB/s
[    5.131128] raid6: sse2x4   xor() 11157 MB/s
[    5.231633] raid6: avx2x1   gen() 24250 MB/s
[    5.302878] raid6: avx2x2   gen() 26071 MB/s
[    5.371178] raid6: avx2x4   gen() 31177 MB/s
[    5.371903] raid6: using algorithm avx2x4 gen() 31177 MB/s
[    5.372689] raid6: using avx2x2 recovery algorithm
[    5.374433] xor: automatically using best checksumming function:
[    5.415109]    avx       : 29109.000 MB/sec
[    5.418810] async_tx: api initialized (async)
[    5.434078] md: raid6 personality registered for level 6
[    5.435170] md: raid5 personality registered for level 5
[    5.435946] md: raid4 personality registered for level 4
[    5.440488] md: raid10 personality registered for level 10
done.
Begin: Running /scripts/init-premount ... done.
Begin: Mounting root file system ... Begin: Running /scripts/local-top ... done.
Begin: Running /scripts/local-premount ... [    5.462895] Btrfs loaded
Scanning for Btrfs filesystems
done.
Warning: fsck not present, so skipping root file system
[    5.506017] EXT4-fs (sda1): mounted filesystem with ordered data mode. Opts: (null)
done.
Begin: Running /scripts/local-bottom ... done.
Begin: Running /scripts/init-bottom ... done.
[    5.73275 sted[: std 229unng in system mode. (+PAM +AUDIT +SELINUX +IMA +APPARMOR +SMACK +SYSVINIT +UTMP +LIBCRYPTSETUP +GCRYPT +GNUTLS +ACL +XZ -LZ4 +SECCOMP +BLKID +ELFUTILS +KMOD -IDN)

[    6066277systemd[1]: Detected virtualization oracle.
[    6.139204] systemd[1]: Detected architecture x86-64.

Welcome to [1mUbuntu 16.04.4 LTS[0m!

[   6.149803] systemd[1]: Set hostname to <ubuntu-xenial>.

[    6.591421] systemd[1]: Set up automount Arbitrary Executable File Formats File System Automount Point.
[[0;32m  OK  [0m] Set up automount Arbitrary Executab...ats File System Automount Point.
[    6.594312] systemd[1]: Listening on Device-mapper event daemon FIFOs.
[[0;32m  OK  [0m] Listening on Device-mapper event daemon FIFOs.
[  6.596825] systemd[1]: Started Trigger resolvconf update for networkd DNS.
[[0;32m  OK  [0m] Started Trigger resolvconf update for networkd DNS.
[    6.642553] systemd[1]: Reached target Encrypted Volumes.
[[0;32m  OK  [0m] Reached target Encrypted Volumes.
[  7295]ysemd1]: Listening on Journal Socket.
[[0;32m  OK  [0m] Listening on Journal Socket.
[    7.354306] systemd[1]: Reached target User and Group Name Lookups.
[[0;32m  OK  [0m] Reached target User and Group Name Lookups.
[    7.356410] sstd[: Lstning on LVM2 oldaemon socket.
[[0;32m  OK  [0m] Listening on LVM2 poll daemon socket.
[  84775 sted[1]: Lsteninonudev Control Socket.
[[0;32m  OK  [0m] Listening on udev Control Socket.
[    8.45537] ysemd[1]:Created slice System Slice.
[[0;32m  OK  [0m] Created slice System Slice.

[    8.543381] systemd[1]: Starting Remount Root and Kernel File Systems...
[    8.585119] random: nonblocking pool is initialized
         Starting Remount Root and Kernel File Systems...
[    8.606309] systemd[1]: Starting Nameserver information manager...
         Starting Nameserver information manager...
[    8.628781] systemd[1]: Mounting POSIX Message Queue File System...
         Mounting POSIX Message Queue File System...
[    8.632571] systemd[1]: Starting Create list of required static device nodes for the current kernel...
         Starting Create list of required[    8.646311] EXT4-fs (sda1): re-mounted. Opts: (null)
 st... nodes for the current kernel...
[    8.711201] systemd[1]: Mounting Debug File System...
         Mounting Debug File System...
[    8.715487] systemd[1]: Starting Load Kernel Modules...
         Starting Load Kernel Modules...
[    8.751224] systemd[1]: Starting Set console keymap...
         Starting Set console keymap...[    8.761127] Loading iSCSI transport class v2.0-870.

[    8.772209] systemd[1]: Reached target Swap.
[[0;32m  OK  [0m] Reached target Swap.
[    8.784378] systemd[1]: Listening on Journal Audit Socket.
[[0;32m  OK  [[    8.795168] iscsi: registered transport (tcp)
0m] Listening on Journal Audit Socket.
[    8.858360] iscsi: registered transport (iser)
[    8.883048] systemd[1]: Mounting Huge Pages File System...
         Mounting Huge Pages File System...
[    8.885555] systemd[1]: Listening on /dev/initctl Compatibility Named Pipe.
[[0;32m  OK  [0m] Listening on /dev/initctl Compatibility Named Pipe.
[    8.915369] systemd[1]: Starting Uncomplicated firewall...
         Starting Uncomplicated firewall...
[    8.940375] systemd[1]: Listening on LVM2 metadata daemon socket.
[[0;32m  OK  [0m] Listening on LVM2 metadata daemon socket.
[    9.075328] systemd[1]: Starting Monitoring of LVM2 mirrors, snapshots etc. using dmeventd or progress polling...
         Starting Monitoring of LVM2 mirrors... dmeventd or progress polling...
[    9.179120] systemd[1]: Created slice User and Session Slice.
[[0;32m  OK  [0m] Created slice User and Session Slice.
[    9.246442] systemd[1]: Reached target Slices.
[[0;32m  OK  [0m] Reached target Slices.
[    9.335018] systemd[1]: Reached target System Time Synchronized.
[[0;32m  OK  [0m] Reached target System Time Synchronized.
[    9.464343] systemd[1]: Created slice system-serial\x2dgetty.slice.
[[0;32m  OK  [0m] Created slice system-serial\x2dgetty.slice.
[    9.528347] systemd[1]: Listening on udev Kernel Socket.
[[0;32m  OK  [0m] Listening on udev Kernel Socket.
[    9.579946] systemd[1]: Listening on Syslog Socket.
[[0;32m  OK  [0m] Listening on Syslog Socket.
[    9.733322] systemd[1]: Listening on Journal Socket (/dev/log).
[[0;32m  OK  [0m] Listening on Journal Socket (/dev/log).
[    9.839470] systemd[1]: Starting Journal Service...
         Starting Journal Service...
[    9.859501] systemd[1]: Started Forward Password Requests to Wall Directory Watch.
[[0;32m  OK  [0m] Started Forward Password Requests to Wall Directory Watch.
[    9.931922] systemd[1]: Mounted Debug File System.
[[0;32m  OK  [0m] Mounted Debug File System.
[    9.979791] systemd[1]: Mounted POSIX Message Queue File System.
[[0;32m  OK  [0m] Mounted POSIX Message Queue File System.
[   10.014433] systemd[1]: Mounted Huge Pages File System.
[[0;32m  OK  [0m] Mounted Huge Pages File System.
[   10.050684] systemd[1]: Started Journal Service.
[[0;32m  OK  [0m] Started Journal Service.
[[0;32m  OK  [0m] Started Remount Root and Kernel File Systems.
[[0;32m  OK  [0m] Started Create list of required sta...ce nodes for the current kernel.
[[0;32m  OK  [0m] Started Load Kernel Modules.
[[0;32m  OK  [0m] Started Set console keymap.
[[0;32m  OK  [0m] Started Uncomplicated firewall.
[[0;32m  OK  [0m] Started Nameserver information manager.
[[0;32m  OK  [0m] Started LVM2 metadata daemon.
         Mounting FUSE Control File System...
         Starting Apply Kernel Variables...
         Starting Create Static Device Nodes in /dev...
         Starting udev Coldplug all Devices...
         Starting Load/Save Random Seed...
         Starting Flush Journal to Persistent Storage...
[[0;32m  OK  [0m] Mounted FUSE Control File System.
[[0;32m  OK  [0m] Started Apply Kernel Variables.
[[0;32m  OK  [0m] Started Create Static Device Nodes in /dev.
[[0;32m  OK  [0m] Started Load/Save Random Seed.
[[0;32m  OK  [0m] Started udev Coldplug all Devices.
         Starting udev Kernel Device Manager...
[[0;32m  OK  [0m] Started Flush Journal to Persistent Storage.
[[0;32m  OK  [0m] Started udev Kernel Device Manager.
[[0;32m  OK  [0m] Started Dispatch Password Requests to Console Directory Watch.
[[0;32m  OK  [0m] Found device /dev/ttyS0.
[[0;32m  OK  [0m] Started Monitoring of LVM2 mirrors,...ng dmeventd or progress polling.
[[0;32m  OK  [0m] Reached target Local File Systems (Pre).
[[0;32m  OK  [0m] Reached target Local File Systems.
         Starting Set console font and keymap...
         Starting LSB: AppArmor initialization...
         Starting Tell Plymouth To Write Out Runtime Data...
         Starting Initial cloud-init job (pre-networking)...
         Starting Create Volatile Files and Directories...
[[0;32m  OK  [0m] Started Tell Plymouth To Write Out Runtime Data.
[[0;32m  OK  [0m] Started Create Volatile Files and Directories.
[[0;32m  OK  [0m] Listening on Load/Save RF Kill Switch Status /dev/rfkill Watch.
         Starting Update UTMP about System Boot/Shutdown...
[[0;32m  OK  [0m] Started Set console font and keymap.
[[0;32m  OK  [0m] Created slice system-getty.slice.
[[0;32m  OK  [0m] Started Update UTMP about System Boot/Shutdown.
[[0;32m  OK  [0m] Started LSB: AppArmor initialization.
[   11.351792] cloud-init[676]: Cloud-init v. 18.2 running 'init-local' at Wed, 04 Jul 2018 04:14:46 +0000. Up 11.13 seconds.
[[0;32m  OK  [0m] Started Initial cloud-init job (pre-networking).
[[0;32m  OK  [0m] Reached target Network (Pre).
[[0;32m  OK  [0m] Started ifup for enp0s3.
         Starting Raise network interfaces...
[[0;1;31mFAILED[0m] Failed to start Raise network interfaces.
See 'systemctl status networking.service' for details.
[[0;32m  OK  [0m] Reached target Network.
         Starting Initial cloud-init job (metadata service crawler)...
[   12.146454] cloud-init[1019]: Cloud-init v. 18.2 running 'init' at Wed, 04 Jul 2018 04:14:47 +0000. Up 11.79 seconds.
[   12.149274] cloud-init[1019]: ci-info: +++++++++++++++++++++++++++++++++++++Net device info++++++++++++++++++++++++++++++++++++++
[   12.152752] cloud-init[1019]: ci-info: +--------+------+----------------------------+---------------+-------+-------------------+
[   12.156245] cloud-init[1019]: ci-info: | Device |  Up  |          Address           |      Mask     | Scope |     Hw-Address    |
[[0;32m  OK  [0m] Started Initial cloud-init job (metadata service crawler).
[   12.190593] cloud-init[1019]: ci-info: +--------+------+----------------------------+---------------+-------+-------------------+
[   12.192355] cloud-init[1019]: ci-info: | enp0s3 | True |         10.0.2.15          | 255.255.255.0 |   .   | 02:38:b8:f5:60:7e |
[[0;32m  OK  [0m] Reached target Cloud-config availability.
[[0;32m  OK  [0m] Reached target Network is Online.
[   12.196912] cloud-init[1019]: ci-info: | enp0s3 | True | fe80::38:b8ff:fef5:607e/64 |       .       |  link | 02:38:b8:f5:60:7e |
[   12.198522] cloud-init[1019]: ci-info: |   lo   | True |         127.0.0.1          |   255.0.0.0   |   .   |         .         |
[   12.200130] cloud-init[1019]: ci-info: |   lo   | True |          ::1/128           |       .       |  host |         .         |
[   12.201641] cloud-init[1019]: ci-info: +--------+------+----------------------------+---------------+-------+-------------------+
[   12.203178] cloud-init[1019]: ci-info: +++++++++++++++++++++++++++Route IPv4 info++++++++++++++++++++++++++++         Starting iSCSI initiator daemon (iscsid)...
[[0;32m  OK  [0m] Reached target System Initialization.
[[0;32m  OK  [0m] Listening on D-Bus System Message Bus Socket.

[   12.207368] cloud-init[1019]: ci-info: +-------+-------------+----------+---------------+-----------+-------+
[   12.212296] cloud-init[1019]: ci-info: | Route | Destination | Gateway  |    Genmask    | Interface | Flags |
[   12.223126] cloud-init[1019]: ci-info: +-------+-------------+----------+---------------+-----------+-------+[[0;32m  OK  [0m] Started Daily apt download activities.

[   12.225320] cloud-init[1019]: ci-info: |   0   |   0.0.0.0   | 10.0.2.2 |    0.0.0.0    |   enp0s3  |   UG  |
[   12.236961] cloud-init[1019]: ci-info: |   1   |   10.0.2.0  | 0.0.0.0  | 255.255.255.0 |   enp0s3  |   U   |
[[0;32m  OK  [0m] Started ACPI Events Check.
[[0;32m  OK  [0m] Reached target Paths.
[[0;32m  OK  [0m] Started Daily Cleanup of Temporary Directories.
[   12.241813] cloud-init[1019]: ci-info: +-------+-------------+----------+---------------+-----------+-------+
         Starting Socket activation for snappy daemon.
         Starting LXD - unix socket.
[[0;32m  OK  [0m] Listening on UUID daemon activation socket.
[[0;32m  OK  [0m] Listening on ACPID Listen Socket.
[[0;32m  OK  [0m] Started Daily apt upgrade and clean activities.
[[0;32m  OK  [0m] Reached target Timers.
[[0;32m  OK  [0m] Listening on Socket activation for snappy daemon.
[[0;32m  OK  [0m] Listening on LXD - unix socket.
[[0;32m  OK  [0m] Started iSCSI initiator daemon (iscsid).
         Starting Login to default iSCSI targets...
[[0;32m  OK  [0m] Reached target Sockets.
[[0;32m  OK  [0m] Reached target Basic System.
         Starting Virtualbox guest utils...
         Starting A high performance web server and a reverse proxy server...
[[0;32m  OK  [0m] Started FUSE filesystem for LXC.
         Starting System Logging Service...
         Starting /etc/rc.local Compatibility...
         Starting LSB: Record successful boot for GRUB...
[[0;32m  OK  [0m] Started D-Bus System Message Bus.
[[0;32m  OK  [0m] Started Deferred execution scheduler.
         Starting Apply the settings specified in cloud-config...
         Starting Login Service...
[[0;32m  OK  [0m] Started ACPI event daemon.
         Starting LSB: MD monitoring daemon...
[[0;32m  OK  [0m] Started Regular background program processing daemon.
         Starting MySQL Community Server...
         Starting LXD - container startup/shutdown...
         Starting Accounts Service...
         Starting Snappy daemon...
[[0;32m  OK  [0m] Started Unattended Upgrades Shutdown.
         Starting OpenBSD Secure Shell server...
[[0;32m  OK  [0m] Started System Logging Service.
[[0;32m  OK  [0m] Started /etc/rc.local Compatibility.
[[0;32m  OK  [0m] Started A high performance web server and a reverse proxy server.
[[0;32m  OK  [0m] Started OpenBSD Secure Shell server.
[[0;32m  OK  [0m] Started Login to default iSCSI targets.
[[0;32m  OK  [0m] Started LSB: Record successful boot for GRUB.
[[0;32m  OK  [0m] Started LXD - container startup/shutdown.
[[0;32m  OK  [0m] Started Login Service.
         Starting Authenticate and Authorize Users to Run Privileged Tasks...
[[0;32m  OK  [0m] Reached target Remote File Systems (Pre).
[[0;32m  OK  [0m] Reached target Remote File Systems.
         Starting LSB: daemon to balance interrupts for SMP systems...
         Starting LSB: automatic crash report generation...
         Starting Permit User Sessions...
         Starting LSB: Set the CPU Frequency Scaling governor to "ondemand"...
[[0;32m  OK  [0m] Started LSB: MD monitoring daemon.
[[0;32m  OK  [0m] Started Virtualbox guest utils.
[[0;32m  OK  [0m] Started Permit User Sessions.
[[0;32m  OK  [0m] Started Authenticate and Authorize Users to Run Privileged Tasks.
[[0;32m  OK  [0m] Started Accounts Service.
         Starting Hold until boot process finishes up...
         Starting Terminate Plymouth Boot Screen...
[[0;32m  OK  [0m] Started LSB: daemon to balance interrupts for SMP systems.
[[0;32m  OK  [0m] Started LSB: Set the CPU Frequency Scaling governor to "ondemand".
[[0;32m  OK  [0m] Started Hold until boot process finishes up.
[[0;32m  OK  [0m] Started Terminate Plymouth Boot Screen.
[[0;32m  OK  [0m] Started Serial Getty on ttyS0.
[[0;32m  OK  [0m] Started Getty on tty1.
[[0;32m  OK  [0m] Reached target Login Prompts.
[   12.921682] cloud-init         Starting Set console scheme...
[1113]: [[0;32m  OK  [0m] Started LSB: automatic crash report generation.
Cloud-init v. 18.2 running 'modules:config' at Wed, 04 Jul 2018 04:14:48 +0000. Up 12.72 seconds.
[[0;32m  OK  [0m] Started Set console scheme.
[[0;32m  OK  [0m] Started Snappy daemon.
         Starting Wait until snapd is fully seeded...
[[0;32m  OK  [0m] Started Apply the settings specified in cloud-config.
[[0;32m  OK  [0m] Started Wait until snapd is fully seeded.
[[0;32m  OK  [0m] Started MySQL Community Server.
[[0;32m  OK  [0m] Reached target Multi-User System.
[[0;32m  OK  [0m] Reached target Graphical Interface.
         Starting Update UTMP about System Runlevel Changes...
         Starting Execute cloud user/final scripts...
[[0;32m  OK  [0m] Started Update UTMP about System Runlevel Changes.
[[0;32m  OK  [0m] Created slice User Slice of vagrant.
         Starting User Manager for UID 1000...
[[0;32m  OK  [0m] Started Session 1 of user vagrant.
[[0;32m  OK  [0m] Started User Manager for UID 1000.
[   13.996481] cloud-init[1321]: Cloud-init v. 18.2 running 'modules:final' at Wed, 04 Jul 2018 04:14:49 +0000. Up 13.91 seconds.
[   13.998156] cloud-init[1321]: 2018-07-04 04:14:49,633 - templater.py[WARNING]: Jinja not available as the selected renderer for desired template, reverting to the basic renderer.
[   14.000207] cloud-init[1321]: Cloud-init v. {{version}} finished at {{timestamp}}. Datasource {{datasource}}.  Up {{uptime}} seconds
[[0;32m  OK  [0m] Started Execute cloud user/final scripts.
[[0;32m  OK  [0m] Reached target Cloud-init target.

Ubuntu 16.04.4 LTS ubuntu-xenial ttyS0

ubuntu-xenial login: 